> Task :gradle:checkKotlinGradlePluginConfigurationErrors
> Task :gradle:compileKotlin UP-TO-DATE
> Task :gradle:compileJava NO-SOURCE
> Task :gradle:compileGroovy NO-SOURCE
> Task :gradle:pluginDescriptors UP-TO-DATE
> Task :gradle:processResources UP-TO-DATE
> Task :gradle:classes UP-TO-DATE
> Task :gradle:jar UP-TO-DATE

> Configure project :app
.\gradlew : Warning: Flutter support for 
your project's Gradle version (8.5.0) 
will soon be dropped. Please upgrade 
your Gradle version to a version of at 
least 8.7.0 soon.
At line:1 char:1
+ .\gradlew assembleDebug --stacktrace > 
build_log.txt 2>&1
+ ~~~~~~~~~~~~~~~~~~~~~~~~~~~~~~~~~~~~~~~
~~~~~~~~~~~~~~~~~~
    + CategoryInfo          : NotSpecifi 
   ed: (Warning: Flutte...ast 8.7.0 soo  
  n.:String) [], RemoteException
    + FullyQualifiedErrorId : NativeComm 
   andError
 
Alternatively, use the flag "--android-sk
ip-build-dependency-validation" to 
bypass this check.

Potential fix: Your project's gradle 
version is typically defined in the 
gradle wrapper file. By default, this 
can be found at E:\flutter_projects\bookl
y_app\android/gradle/wrapper/gradle-wrapp
er.properties. 
For more information, see https://docs.gr
adle.org/current/userguide/gradle_wrapper
.html.

Warning: Flutter support for your 
project's Android Gradle Plugin version 
(Android Gradle Plugin version 8.3.2) 
will soon be dropped. Please upgrade 
your Android Gradle Plugin version to a 
version of at least Android Gradle 
Plugin version 8.6.0 soon.
Alternatively, use the flag "--android-sk
ip-build-dependency-validation" to 
bypass this check.

Potential fix: Your project's AGP 
version is typically defined in the 
plugins block of the `settings.gradle` 
file (E:\flutter_projects\bookly_app\andr
oid/settings.gradle), by a plugin with 
the id of com.android.application. 
If you don't see a plugins block, your 
project was likely created with an older 
template version. In this case it is 
most likely defined in the top-level 
build.gradle file (E:\flutter_projects\bo
okly_app\android/build.gradle) by the 
following line in the dependencies block 
of the buildscript: "classpath 'com.andro
id.tools.build:gradle:<version>'".

Warning: Flutter support for your 
project's Kotlin version (1.9.23) will 
soon be dropped. Please upgrade your 
Kotlin version to a version of at least 
2.1.0 soon.
Alternatively, use the flag "--android-sk
ip-build-dependency-validation" to 
bypass this check.

Potential fix: Your project's KGP 
version is typically defined in the 
plugins block of the `settings.gradle` 
file (E:\flutter_projects\bookly_app\andr
oid/settings.gradle), by a plugin with 
the id of org.jetbrains.kotlin.android. 
If you don't see a plugins block, your 
project was likely created with an older 
template version, in which case it is 
most likely defined in the top-level 
build.gradle file (E:\flutter_projects\bo
okly_app\android/build.gradle) by the 
ext.kotlin_version property.

WARNING: We recommend using a newer Android Gradle plugin to use compileSdk = 36

This Android Gradle plugin (8.3.2) was tested up to compileSdk = 34.

You are strongly encouraged to update your project to use a newer
Android Gradle plugin that has been tested with compileSdk = 36.

If you are already using the latest version of the Android Gradle plugin,
you may need to wait until a newer version with support for compileSdk = 36 is available.

To suppress this warning, add/update
    android.suppressUnsupportedCompileSdk=36
to this project's gradle.properties.

> Task :app:DebugMinSdkCheck
> Task :app:preBuild UP-TO-DATE
> Task :app:preDebugBuild UP-TO-DATE
> Task :app:mergeDebugNativeDebugMetadata NO-SOURCE
> Task :app:checkKotlinGradlePluginConfigurationErrors
> Task :app:compileFlutterBuildDebug UP-TO-DATE
> Task :app:packJniLibsflutterBuildDebug UP-TO-DATE
> Task :path_provider_android:preBuild UP-TO-DATE
> Task :path_provider_android:preDebugBuild UP-TO-DATE
> Task :path_provider_android:writeDebugAarMetadata UP-TO-DATE
> Task :shared_preferences_android:preBuild UP-TO-DATE
> Task :shared_preferences_android:preDebugBuild UP-TO-DATE
> Task :shared_preferences_android:writeDebugAarMetadata UP-TO-DATE
> Task :sqflite_android:preBuild UP-TO-DATE
> Task :sqflite_android:preDebugBuild UP-TO-DATE
> Task :sqflite_android:writeDebugAarMetadata UP-TO-DATE
> Task :url_launcher_android:preBuild UP-TO-DATE
> Task :url_launcher_android:preDebugBuild UP-TO-DATE
> Task :url_launcher_android:writeDebugAarMetadata UP-TO-DATE
> Task :webview_flutter_android:preBuild UP-TO-DATE
> Task :webview_flutter_android:preDebugBuild UP-TO-DATE
> Task :webview_flutter_android:writeDebugAarMetadata UP-TO-DATE
> Task :app:cleanMergeDebugAssets UP-TO-DATE
> Task :app:mergeDebugShaders UP-TO-DATE
> Task :app:compileDebugShaders NO-SOURCE
> Task :app:generateDebugAssets UP-TO-DATE
> Task :path_provider_android:mergeDebugShaders UP-TO-DATE
> Task :app:checkDebugAarMetadata FAILED
> Task :path_provider_android:compileDebugShaders NO-SOURCE

FAILURE: Build failed with an exception.

* What went wrong:
Execution failed for task 
':app:checkDebugAarMetadata'.
> A failure occurred while executing com.
android.build.gradle.internal.tasks.Check
AarMetadataWorkAction
   > 3 issues were found when checking 
AAR metadata:
     
       1.  Dependency 
'androidx.browser:browser:1.9.0' 
requires Android Gradle plugin 8.9.1 or 
higher.
     
           This build currently uses 
Android Gradle plugin 8.3.2.
     
       2.  Dependency 
'androidx.core:core-ktx:1.17.0' requires 
Android Gradle plugin 8.9.1 or higher.
     
           This build currently uses 
Android Gradle plugin 8.3.2.
     
       3.  Dependency 
'androidx.core:core:1.17.0' requires 
Android Gradle plugin 8.9.1 or higher.
     
           This build currently uses 
Android Gradle plugin 8.3.2.

* Try:
> Run with --info or --debug option to 
get more log output.
> Run with --scan to get full insights.
> Get more help at 
https://help.gradle.org.

* Exception is:
org.gradle.api.tasks.TaskExecutionExcepti
on: Execution failed for task 
':app:checkDebugAarMetadata'.
	at org.gradle.api.internal.tasks.executi
on.ExecuteActionsTaskExecuter.lambda$exec
uteIfValid$1(ExecuteActionsTaskExecuter.j
ava:148)
	at org.gradle.internal.Try$Failure.ifSuc
cessfulOrElse(Try.java:282)
	at org.gradle.api.internal.tasks.executi
on.ExecuteActionsTaskExecuter.executeIfVa
lid(ExecuteActionsTaskExecuter.java:146)
	at org.gradle.api.internal.tasks.executi
on.ExecuteActionsTaskExecuter.execute(Exe
cuteActionsTaskExecuter.java:134)
	at org.gradle.api.internal.tasks.executi
on.FinalizePropertiesTaskExecuter.execute
(FinalizePropertiesTaskExecuter.java:46)
	at org.gradle.api.internal.tasks.executi
on.ResolveTaskExecutionModeExecuter.execu
te(ResolveTaskExecutionModeExecuter.java:
51)
	at org.gradle.api.internal.tasks.executi
on.SkipTaskWithNoActionsExecuter.execute(
SkipTaskWithNoActionsExecuter.java:57)
	at org.gradle.api.internal.tasks.executi
on.SkipOnlyIfTaskExecuter.execute(SkipOnl
yIfTaskExecuter.java:74)
	at org.gradle.api.internal.tasks.executi
on.CatchExceptionTaskExecuter.execute(Cat
chExceptionTaskExecuter.java:36)
	at org.gradle.api.internal.tasks.executi
on.EventFiringTaskExecuter$1.executeTask(
EventFiringTaskExecuter.java:77)
	at org.gradle.api.internal.tasks.executi
on.EventFiringTaskExecuter$1.call(EventFi
ringTaskExecuter.java:55)
	at org.gradle.api.internal.tasks.executi
on.EventFiringTaskExecuter$1.call(EventFi
ringTaskExecuter.java:52)
	at org.gradle.internal.operations.Defaul
tBuildOperationRunner$CallableBuildOperat
ionWorker.execute(DefaultBuildOperationRu
nner.java:204)
	at org.gradle.internal.operations.Defaul
tBuildOperationRunner$CallableBuildOperat
ionWorker.execute(DefaultBuildOperationRu
nner.java:199)
	at org.gradle.internal.operations.Defaul
tBuildOperationRunner$2.execute(DefaultBu
ildOperationRunner.java:66)
	at org.gradle.internal.operations.Defaul
tBuildOperationRunner$2.execute(DefaultBu
ildOperationRunner.java:59)
	at org.gradle.internal.operations.Defaul
tBuildOperationRunner.execute(DefaultBuil
dOperationRunner.java:157)
	at org.gradle.internal.operations.Defaul
tBuildOperationRunner.execute(DefaultBuil
dOperationRunner.java:59)
	at org.gradle.internal.operations.Defaul
tBuildOperationRunner.call(DefaultBuildOp
erationRunner.java:53)
	at org.gradle.internal.operations.Defaul
tBuildOperationExecutor.call(DefaultBuild
OperationExecutor.java:73)
	at org.gradle.api.internal.tasks.executi
on.EventFiringTaskExecuter.execute(EventF
iringTaskExecuter.java:52)
	at org.gradle.execution.plan.LocalTaskNo
deExecutor.execute(LocalTaskNodeExecutor.
java:42)
	at org.gradle.execution.taskgraph.Defaul
tTaskExecutionGraph$InvokeNodeExecutorsAc
tion.execute(DefaultTaskExecutionGraph.ja
va:331)
	at org.gradle.execution.taskgraph.Defaul
tTaskExecutionGraph$InvokeNodeExecutorsAc
tion.execute(DefaultTaskExecutionGraph.ja
va:318)
	at org.gradle.execution.taskgraph.Defaul
tTaskExecutionGraph$BuildOperationAwareEx
ecutionAction.lambda$execute$0(DefaultTas
kExecutionGraph.java:314)
	at org.gradle.internal.operations.Curren
tBuildOperationRef.with(CurrentBuildOpera
tionRef.java:80)
	at org.gradle.execution.taskgraph.Defaul
tTaskExecutionGraph$BuildOperationAwareEx
ecutionAction.execute(DefaultTaskExecutio
nGraph.java:314)
	at org.gradle.execution.taskgraph.Defaul
tTaskExecutionGraph$BuildOperationAwareEx
ecutionAction.execute(DefaultTaskExecutio
nGraph.java:303)
	at org.gradle.execution.plan.DefaultPlan
Executor$ExecutorWorker.execute(DefaultPl
anExecutor.java:463)
	at org.gradle.execution.plan.DefaultPlan
Executor$ExecutorWorker.run(DefaultPlanEx
ecutor.java:380)
	at org.gradle.internal.concurrent.Execut
orPolicy$CatchAndRecordFailures.onExecute
(ExecutorPolicy.java:64)
	at org.gradle.internal.concurrent.Abstra
ctManagedExecutor$1.run(AbstractManagedEx
ecutor.java:47)
Caused by: org.gradle.workers.internal.De
faultWorkerExecutor$WorkExecutionExceptio
n: A failure occurred while executing com
.android.build.gradle.internal.tasks.Chec
kAarMetadataWorkAction
	at org.gradle.workers.internal.DefaultWo
rkerExecutor$WorkItemExecution.waitForCom
pletion(DefaultWorkerExecutor.java:283)
	at org.gradle.internal.work.DefaultAsync
WorkTracker.lambda$waitForItemsAndGatherF
ailures$2(DefaultAsyncWorkTracker.java:13
0)
	at org.gradle.internal.Factories$1.creat
e(Factories.java:31)
	at org.gradle.internal.work.DefaultWorke
rLeaseService.withoutLocks(DefaultWorkerL
easeService.java:336)
	at org.gradle.internal.work.DefaultWorke
rLeaseService.withoutLocks(DefaultWorkerL
easeService.java:319)
	at org.gradle.internal.work.DefaultWorke
rLeaseService.withoutLock(DefaultWorkerLe
aseService.java:324)
	at org.gradle.internal.work.DefaultAsync
WorkTracker.waitForItemsAndGatherFailures
(DefaultAsyncWorkTracker.java:126)
	at org.gradle.internal.work.DefaultAsync
WorkTracker.waitForItemsAndGatherFailures
(DefaultAsyncWorkTracker.java:92)
	at org.gradle.internal.work.DefaultAsync
WorkTracker.waitForAll(DefaultAsyncWorkTr
acker.java:78)
	at org.gradle.internal.work.DefaultAsync
WorkTracker.waitForCompletion(DefaultAsyn
cWorkTracker.java:66)
	at org.gradle.api.internal.tasks.executi
on.TaskExecution$3.run(TaskExecution.java
:256)
	at org.gradle.internal.operations.Defaul
tBuildOperationRunner$1.execute(DefaultBu
ildOperationRunner.java:29)
	at org.gradle.internal.operations.Defaul
tBuildOperationRunner$1.execute(DefaultBu
ildOperationRunner.java:26)
	at org.gradle.internal.operations.Defaul
tBuildOperationRunner$2.execute(DefaultBu
ildOperationRunner.java:66)
	at org.gradle.internal.operations.Defaul
tBuildOperationRunner$2.execute(DefaultBu
ildOperationRunner.java:59)
	at org.gradle.internal.operations.Defaul
tBuildOperationRunner.execute(DefaultBuil
dOperationRunner.java:157)
	at org.gradle.internal.operations.Defaul
tBuildOperationRunner.execute(DefaultBuil
dOperationRunner.java:59)
	at org.gradle.internal.operations.Defaul
tBuildOperationRunner.run(DefaultBuildOpe
rationRunner.java:47)
	at org.gradle.internal.operations.Defaul
tBuildOperationExecutor.run(DefaultBuildO
perationExecutor.java:68)
	at org.gradle.api.internal.tasks.executi
on.TaskExecution.executeAction(TaskExecut
ion.java:233)
	at org.gradle.api.internal.tasks.executi
on.TaskExecution.executeActions(TaskExecu
tion.java:216)
	at org.gradle.api.internal.tasks.executi
on.TaskExecution.executeWithPreviousOutpu
tFiles(TaskExecution.java:199)
	at org.gradle.api.internal.tasks.executi
on.TaskExecution.execute(TaskExecution.ja
va:166)
	at org.gradle.internal.execution.steps.E
xecuteStep.executeInternal(ExecuteStep.ja
va:105)
	at org.gradle.internal.execution.steps.E
xecuteStep.access$000(ExecuteStep.java:44
)
	at org.gradle.internal.execution.steps.E
xecuteStep$1.call(ExecuteStep.java:59)
	at org.gradle.internal.execution.steps.E
xecuteStep$1.call(ExecuteStep.java:56)
	at org.gradle.internal.operations.Defaul
tBuildOperationRunner$CallableBuildOperat
ionWorker.execute(DefaultBuildOperationRu
nner.java:204)
	at org.gradle.internal.operations.Defaul
tBuildOperationRunner$CallableBuildOperat
ionWorker.execute(DefaultBuildOperationRu
nner.java:199)
	at org.gradle.internal.operations.Defaul
tBuildOperationRunner$2.execute(DefaultBu
ildOperationRunner.java:66)
	at org.gradle.internal.operations.Defaul
tBuildOperationRunner$2.execute(DefaultBu
ildOperationRunner.java:59)
	at org.gradle.internal.operations.Defaul
tBuildOperationRunner.execute(DefaultBuil
dOperationRunner.java:157)
	at org.gradle.internal.operations.Defaul
tBuildOperationRunner.execute(DefaultBuil
dOperationRunner.java:59)
	at org.gradle.internal.operations.Defaul
tBuildOperationRunner.call(DefaultBuildOp
erationRunner.java:53)
	at org.gradle.internal.operations.Defaul
tBuildOperationExecutor.call(DefaultBuild
OperationExecutor.java:73)
	at org.gradle.internal.execution.steps.E
xecuteStep.execute(ExecuteStep.java:56)
	at org.gradle.internal.execution.steps.E
xecuteStep.execute(ExecuteStep.java:44)
	at org.gradle.internal.execution.steps.R
emovePreviousOutputsStep.execute(RemovePr
eviousOutputsStep.java:67)
	at org.gradle.internal.execution.steps.R
emovePreviousOutputsStep.execute(RemovePr
eviousOutputsStep.java:37)
	at org.gradle.internal.execution.steps.C
ancelExecutionStep.execute(CancelExecutio
nStep.java:41)
	at org.gradle.internal.execution.steps.T
imeoutStep.executeWithoutTimeout(TimeoutS
tep.java:74)
	at org.gradle.internal.execution.steps.T
imeoutStep.execute(TimeoutStep.java:55)
	at org.gradle.internal.execution.steps.C
reateOutputsStep.execute(CreateOutputsSte
p.java:50)
	at org.gradle.internal.execution.steps.C
reateOutputsStep.execute(CreateOutputsSte
p.java:28)
	at org.gradle.internal.execution.steps.C
aptureStateAfterExecutionStep.executeDele
gateBroadcastingChanges(CaptureStateAfter
ExecutionStep.java:100)
	at org.gradle.internal.execution.steps.C
aptureStateAfterExecutionStep.execute(Cap
tureStateAfterExecutionStep.java:72)
	at org.gradle.internal.execution.steps.C
aptureStateAfterExecutionStep.execute(Cap
tureStateAfterExecutionStep.java:50)
	at org.gradle.internal.execution.steps.R
esolveInputChangesStep.execute(ResolveInp
utChangesStep.java:40)
	at org.gradle.internal.execution.steps.R
esolveInputChangesStep.execute(ResolveInp
utChangesStep.java:29)
	at org.gradle.internal.execution.steps.B
uildCacheStep.executeWithoutCache(BuildCa
cheStep.java:179)
	at org.gradle.internal.execution.steps.B
uildCacheStep.lambda$execute$1(BuildCache
Step.java:70)
	at org.gradle.internal.Either$Right.fold
(Either.java:175)
	at org.gradle.internal.execution.caching
.CachingState.fold(CachingState.java:59)
	at org.gradle.internal.execution.steps.B
uildCacheStep.execute(BuildCacheStep.java
:68)
	at org.gradle.internal.execution.steps.B
uildCacheStep.execute(BuildCacheStep.java
:46)
	at org.gradle.internal.execution.steps.S
toreExecutionStateStep.execute(StoreExecu
tionStateStep.java:36)
	at org.gradle.internal.execution.steps.S
toreExecutionStateStep.execute(StoreExecu
tionStateStep.java:25)
	at org.gradle.internal.execution.steps.R
ecordOutputsStep.execute(RecordOutputsSte
p.java:36)
	at org.gradle.internal.execution.steps.R
ecordOutputsStep.execute(RecordOutputsSte
p.java:22)
	at org.gradle.internal.execution.steps.S
kipUpToDateStep.executeBecause(SkipUpToDa
teStep.java:91)
	at org.gradle.internal.execution.steps.S
kipUpToDateStep.lambda$execute$2(SkipUpTo
DateStep.java:55)
	at org.gradle.internal.execution.steps.S
kipUpToDateStep.execute(SkipUpToDateStep.
java:55)
	at org.gradle.internal.execution.steps.S
kipUpToDateStep.execute(SkipUpToDateStep.
java:37)
	at org.gradle.internal.execution.steps.R
esolveChangesStep.execute(ResolveChangesS
tep.java:65)
	at org.gradle.internal.execution.steps.R
esolveChangesStep.execute(ResolveChangesS
tep.java:36)
	at org.gradle.internal.execution.steps.l
egacy.MarkSnapshottingInputsFinishedStep.
execute(MarkSnapshottingInputsFinishedSte
p.java:37)
	at org.gradle.internal.execution.steps.l
egacy.MarkSnapshottingInputsFinishedStep.
execute(MarkSnapshottingInputsFinishedSte
p.java:27)
	at org.gradle.internal.execution.steps.R
esolveCachingStateStep.execute(ResolveCac
hingStateStep.java:76)
	at org.gradle.internal.execution.steps.R
esolveCachingStateStep.execute(ResolveCac
hingStateStep.java:37)
	at org.gradle.internal.execution.steps.V
alidateStep.execute(ValidateStep.java:108
)
	at org.gradle.internal.execution.steps.V
alidateStep.execute(ValidateStep.java:55)
	at org.gradle.internal.execution.steps.C
aptureStateBeforeExecutionStep.execute(Ca
ptureStateBeforeExecutionStep.java:71)
	at org.gradle.internal.execution.steps.C
aptureStateBeforeExecutionStep.execute(Ca
ptureStateBeforeExecutionStep.java:45)
	at org.gradle.internal.execution.steps.S
kipEmptyWorkStep.executeWithNonEmptySourc
es(SkipEmptyWorkStep.java:177)
	at org.gradle.internal.execution.steps.S
kipEmptyWorkStep.execute(SkipEmptyWorkSte
p.java:81)
	at org.gradle.internal.execution.steps.S
kipEmptyWorkStep.execute(SkipEmptyWorkSte
p.java:53)
	at org.gradle.internal.execution.steps.R
emoveUntrackedExecutionStateStep.execute(
RemoveUntrackedExecutionStateStep.java:32
)
	at org.gradle.internal.execution.steps.R
emoveUntrackedExecutionStateStep.execute(
RemoveUntrackedExecutionStateStep.java:21
)
	at org.gradle.internal.execution.steps.l
egacy.MarkSnapshottingInputsStartedStep.e
xecute(MarkSnapshottingInputsStartedStep.
java:38)
	at org.gradle.internal.execution.steps.L
oadPreviousExecutionStateStep.execute(Loa
dPreviousExecutionStateStep.java:36)
	at org.gradle.internal.execution.steps.L
oadPreviousExecutionStateStep.execute(Loa
dPreviousExecutionStateStep.java:23)
	at org.gradle.internal.execution.steps.C
leanupStaleOutputsStep.execute(CleanupSta
leOutputsStep.java:75)
	at org.gradle.internal.execution.steps.C
leanupStaleOutputsStep.execute(CleanupSta
leOutputsStep.java:41)
	at org.gradle.internal.execution.steps.E
xecuteWorkBuildOperationFiringStep.lambda
$execute$2(ExecuteWorkBuildOperationFirin
gStep.java:66)
	at org.gradle.internal.execution.steps.E
xecuteWorkBuildOperationFiringStep.execut
e(ExecuteWorkBuildOperationFiringStep.jav
a:66)
	at org.gradle.internal.execution.steps.E
xecuteWorkBuildOperationFiringStep.execut
e(ExecuteWorkBuildOperationFiringStep.jav
a:38)
	at org.gradle.internal.execution.steps.A
ssignWorkspaceStep.lambda$execute$0(Assig
nWorkspaceStep.java:32)
	at org.gradle.api.internal.tasks.executi
on.TaskExecution$4.withWorkspace(TaskExec
ution.java:293)
	at org.gradle.internal.execution.steps.A
ssignWorkspaceStep.execute(AssignWorkspac
eStep.java:30)
	at org.gradle.internal.execution.steps.A
ssignWorkspaceStep.execute(AssignWorkspac
eStep.java:21)
	at org.gradle.internal.execution.steps.I
dentityCacheStep.execute(IdentityCacheSte
p.java:37)
	at org.gradle.internal.execution.steps.I
dentityCacheStep.execute(IdentityCacheSte
p.java:27)
	at org.gradle.internal.execution.steps.I
dentifyStep.execute(IdentifyStep.java:47)
	at org.gradle.internal.execution.steps.I
dentifyStep.execute(IdentifyStep.java:34)
	at org.gradle.internal.execution.impl.De
faultExecutionEngine$1.execute(DefaultExe
cutionEngine.java:64)
	at org.gradle.api.internal.tasks.executi
on.ExecuteActionsTaskExecuter.executeIfVa
lid(ExecuteActionsTaskExecuter.java:145)
	at org.gradle.api.internal.tasks.executi
on.ExecuteActionsTaskExecuter.execute(Exe
cuteActionsTaskExecuter.java:134)
	at org.gradle.api.internal.tasks.executi
on.FinalizePropertiesTaskExecuter.execute
(FinalizePropertiesTaskExecuter.java:46)
	at org.gradle.api.internal.tasks.executi
on.ResolveTaskExecutionModeExecuter.execu
te(ResolveTaskExecutionModeExecuter.java:
51)
	at org.gradle.api.internal.tasks.executi
on.SkipTaskWithNoActionsExecuter.execute(
SkipTaskWithNoActionsExecuter.java:57)
	at org.gradle.api.internal.tasks.executi
on.SkipOnlyIfTaskExecuter.execute(SkipOnl
yIfTaskExecuter.java:74)
	at org.gradle.api.internal.tasks.executi
on.CatchExceptionTaskExecuter.execute(Cat
chExceptionTaskExecuter.java:36)
	at org.gradle.api.internal.tasks.executi
on.EventFiringTaskExecuter$1.executeTask(
EventFiringTaskExecuter.java:77)
	at org.gradle.api.internal.tasks.executi
on.EventFiringTaskExecuter$1.call(EventFi
ringTaskExecuter.java:55)
	at org.gradle.api.internal.tasks.executi
on.EventFiringTaskExecuter$1.call(EventFi
ringTaskExecuter.java:52)
	at org.gradle.internal.operations.Defaul
tBuildOperationRunner$CallableBuildOperat
ionWorker.execute(DefaultBuildOperationRu
nner.java:204)
	at org.gradle.internal.operations.Defaul
tBuildOperationRunner$CallableBuildOperat
ionWorker.execute(DefaultBuildOperationRu
nner.java:199)
	at org.gradle.internal.operations.Defaul
tBuildOperationRunner$2.execute(DefaultBu
ildOperationRunner.java:66)
	at org.gradle.internal.operations.Defaul
tBuildOperationRunner$2.execute(DefaultBu
ildOperationRunner.java:59)
	at org.gradle.internal.operations.Defaul
tBuildOperationRunner.execute(DefaultBuil
dOperationRunner.java:157)
	at org.gradle.internal.operations.Defaul
tBuildOperationRunner.execute(DefaultBuil
dOperationRunner.java:59)
	at org.gradle.internal.operations.Defaul
tBuildOperationRunner.call(DefaultBuildOp
erationRunner.java:53)
	at org.gradle.internal.operations.Defaul
tBuildOperationExecutor.call(DefaultBuild
OperationExecutor.java:73)
	at org.gradle.api.internal.tasks.executi
on.EventFiringTaskExecuter.execute(EventF
iringTaskExecuter.java:52)
	at org.gradle.execution.plan.LocalTaskNo
deExecutor.execute(LocalTaskNodeExecutor.
java:42)
	at org.gradle.execution.taskgraph.Defaul
tTaskExecutionGraph$InvokeNodeExecutorsAc
tion.execute(DefaultTaskExecutionGraph.ja
va:331)
	at org.gradle.execution.taskgraph.Defaul
tTaskExecutionGraph$InvokeNodeExecutorsAc
tion.execute(DefaultTaskExecutionGraph.ja
va:318)
	at org.gradle.execution.taskgraph.Defaul
tTaskExecutionGraph$BuildOperationAwareEx
ecutionAction.lambda$execute$0(DefaultTas
kExecutionGraph.java:314)
	at org.gradle.internal.operations.Curren
tBuildOperationRef.with(CurrentBuildOpera
tionRef.java:80)
	at org.gradle.execution.taskgraph.Defaul
tTaskExecutionGraph$BuildOperationAwareEx
ecutionAction.execute(DefaultTaskExecutio
nGraph.java:314)
	at org.gradle.execution.taskgraph.Defaul
tTaskExecutionGraph$BuildOperationAwareEx
ecutionAction.execute(DefaultTaskExecutio
nGraph.java:303)
	at org.gradle.execution.plan.DefaultPlan
Executor$ExecutorWorker.execute(DefaultPl
anExecutor.java:463)
	at org.gradle.execution.plan.DefaultPlan
Executor$ExecutorWorker.run(DefaultPlanEx
ecutor.java:380)
	at org.gradle.internal.concurrent.Execut
orPolicy$CatchAndRecordFailures.onExecute
(ExecutorPolicy.java:64)
	at org.gradle.internal.concurrent.Abstra
ctManagedExecutor$1.run(AbstractManagedEx
ecutor.java:47)
Caused by: java.lang.RuntimeException: 3 
issues were found when checking AAR 
metadata:

  1.  Dependency 
'androidx.browser:browser:1.9.0' 
requires Android Gradle plugin 8.9.1 or 
higher.

      This build currently uses Android 
Gradle plugin 8.3.2.

  2.  Dependency 
'androidx.core:core-ktx:1.17.0' requires 
Android Gradle plugin 8.9.1 or higher.

      This build currently uses Android 
Gradle plugin 8.3.2.
18 actionable tasks: 4 executed, 14 up-to-date

  3.  Dependency 
'androidx.core:core:1.17.0' requires 
Android Gradle plugin 8.9.1 or higher.

      This build currently uses Android 
Gradle plugin 8.3.2.
	at com.android.build.gradle.internal.tas
ks.CheckAarMetadataWorkAction.execute(Che
ckAarMetadataTask.kt:281)
	at org.gradle.workers.internal.DefaultWo
rkerServer.execute(DefaultWorkerServer.ja
va:63)
	at org.gradle.workers.internal.NoIsolati
onWorkerFactory$1$1.create(NoIsolationWor
kerFactory.java:66)
	at org.gradle.workers.internal.NoIsolati
onWorkerFactory$1$1.create(NoIsolationWor
kerFactory.java:62)
	at org.gradle.internal.classloader.Class
LoaderUtils.executeInClassloader(ClassLoa
derUtils.java:100)
	at org.gradle.workers.internal.NoIsolati
onWorkerFactory$1.lambda$execute$0(NoIsol
ationWorkerFactory.java:62)
	at org.gradle.workers.internal.AbstractW
orker$1.call(AbstractWorker.java:44)
	at org.gradle.workers.internal.AbstractW
orker$1.call(AbstractWorker.java:41)
	at org.gradle.internal.operations.Defaul
tBuildOperationRunner$CallableBuildOperat
ionWorker.execute(DefaultBuildOperationRu
nner.java:204)
	at org.gradle.internal.operations.Defaul
tBuildOperationRunner$CallableBuildOperat
ionWorker.execute(DefaultBuildOperationRu
nner.java:199)
	at org.gradle.internal.operations.Defaul
tBuildOperationRunner$2.execute(DefaultBu
ildOperationRunner.java:66)
	at org.gradle.internal.operations.Defaul
tBuildOperationRunner$2.execute(DefaultBu
ildOperationRunner.java:59)
	at org.gradle.internal.operations.Defaul
tBuildOperationRunner.execute(DefaultBuil
dOperationRunner.java:157)
	at org.gradle.internal.operations.Defaul
tBuildOperationRunner.execute(DefaultBuil
dOperationRunner.java:59)
	at org.gradle.internal.operations.Defaul
tBuildOperationRunner.call(DefaultBuildOp
erationRunner.java:53)
	at org.gradle.internal.operations.Defaul
tBuildOperationExecutor.call(DefaultBuild
OperationExecutor.java:73)
	at org.gradle.workers.internal.AbstractW
orker.executeWrappedInBuildOperation(Abst
ractWorker.java:41)
	at org.gradle.workers.internal.NoIsolati
onWorkerFactory$1.execute(NoIsolationWork
erFactory.java:59)
	at org.gradle.workers.internal.DefaultWo
rkerExecutor.lambda$submitWork$0(DefaultW
orkerExecutor.java:170)
	at org.gradle.internal.work.DefaultCondi
tionalExecutionQueue$ExecutionRunner.runE
xecution(DefaultConditionalExecutionQueue
.java:187)
	at org.gradle.internal.work.DefaultCondi
tionalExecutionQueue$ExecutionRunner.acce
ss$700(DefaultConditionalExecutionQueue.j
ava:120)
	at org.gradle.internal.work.DefaultCondi
tionalExecutionQueue$ExecutionRunner$1.ru
n(DefaultConditionalExecutionQueue.java:1
62)
	at org.gradle.internal.Factories$1.creat
e(Factories.java:31)
	at org.gradle.internal.work.DefaultWorke
rLeaseService.withLocks(DefaultWorkerLeas
eService.java:264)
	at org.gradle.internal.work.DefaultWorke
rLeaseService.runAsWorkerThread(DefaultWo
rkerLeaseService.java:128)
	at org.gradle.internal.work.DefaultWorke
rLeaseService.runAsWorkerThread(DefaultWo
rkerLeaseService.java:133)
	at org.gradle.internal.work.DefaultCondi
tionalExecutionQueue$ExecutionRunner.runB
atch(DefaultConditionalExecutionQueue.jav
a:157)
	at org.gradle.internal.work.DefaultCondi
tionalExecutionQueue$ExecutionRunner.run(
DefaultConditionalExecutionQueue.java:126
)
	... 2 more


BUILD FAILED in 2s
